#
# A fatal error has been detected by the Java Runtime Environment:
#
#  SIGSEGV (0xb) at pc=0x00007f61110699fa, pid=3590, tid=0x00007f610c448700
#
# JRE version: OpenJDK Runtime Environment (8.0_181-b13) (build 1.8.0_181-8u181-b13-0ubuntu0.16.04.1-b13)
# Java VM: OpenJDK 64-Bit Server VM (25.181-b13 mixed mode linux-amd64 compressed oops)
# Problematic frame:
# v  ~BufferBlob::jni_fast_GetLongField
#
# Failed to write core dump. Core dumps have been disabled. To enable core dumping, try "ulimit -c unlimited" before starting Java again
#
# If you would like to submit a bug report, please visit:
#   http://bugreport.java.com/bugreport/crash.jsp
# The crash happened outside the Java Virtual Machine in native code.
# See problematic frame for where to report the bug.
#

---------------  T H R E A D  ---------------

Current thread (0x00007f612029a000):  JavaThread "AWT-XAWT" daemon [_thread_in_native, id=3613, stack(0x00007f610c348000,0x00007f610c449000)]

siginfo: si_signo: 11 (SIGSEGV), si_code: 1 (SEGV_MAPERR), si_addr: 0x0000000000000000

Registers:
RAX=0x00007f61290db040, RBX=0x00007f612029a1e0, RCX=0x0000000000000000, RDX=0x0000000000000042
RSP=0x00007f610c447878, RBP=0x00007f610c4478a0, RSI=0x0000000000000000, RDI=0x00007f612029a1e0
R8 =0x00000000c5ccd560, R9 =0x0000000000000000, R10=0x00000000000001fe, R11=0x00000000000001f4
R12=0x00007f60cc154ef0, R13=0x0000000000000000, R14=0x00007f610e46eb00, R15=0x00007f612029a000
RIP=0x00007f61110699fa, EFLAGS=0x0000000000010246, CSGSFS=0x0000000000000033, ERR=0x0000000000000004
  TRAPNO=0x000000000000000e

Top of Stack: (sp=0x00007f610c447878)
0x00007f610c447878:   00007f610e24c094 0000000000000000
0x00007f610c447888:   00007f60cc154ef0 00007f6111775b5c
0x00007f610c447898:   00007f610c447920 0000000000000000
0x00007f610c4478a8:   00007f610dd2e420 0000000000000000
0x00007f610c4478b8:   00007f610c4478e0 0000000000000000
0x00007f610c4478c8:   00007f610dd25ff3 00007f6111775b5c
0x00007f610c4478d8:   00007f610e243e0f 00007f610c447930
0x00007f610c4478e8:   00007f61114487b6 00000000c5c15fc0
0x00007f610c4478f8:   00007f6100000001 0000000000000007
0x00007f610c447908:   0000000000000000 0000000000000011
0x00007f610c447918:   0000000000000031 00000000c4802d50
0x00007f610c447928:   00007f611106c645 00000000c5c48100
0x00007f610c447938:   00007f6111775ac4 00000000c5d626e0
0x00007f610c447948:   00007f6100000000 00000000c5be5730
0x00007f610c447958:   0000000100011090 0000000100097d18
0x00007f610c447968:   c5d84ac8c5d84ac8 0000000000400003
0x00007f610c447978:   00000000c5d84ac8 0000000000000000
0x00007f610c447988:   0000000000000000 0000000000000031
0x00007f610c447998:   0000000000000000 00007f610c447a00
0x00007f610c4479a8:   00007f6111007ffd deaddeaf00000000
0x00007f610c4479b8:   00000000c5d626e0 00007f610c4479c0
0x00007f610c4479c8:   00007f61257d65ed 00007f610c447a10
0x00007f610c4479d8:   00007f6125804988 0000000000000000
0x00007f610c4479e8:   00007f61257d65f8 00007f610c4479b0
0x00007f610c4479f8:   00007f610c447a10 00007f610c447a58
0x00007f610c447a08:   00007f6111008042 00000000c5d626e0
0x00007f610c447a18:   00007f610c447a18 00007f61254166cb
0x00007f610c447a28:   00007f610c447a68 00007f612549e118
0x00007f610c447a38:   0000000000000000 00007f61254166d8
0x00007f610c447a48:   00007f610c447a10 00007f610c447a68
0x00007f610c447a58:   00007f610c447ad0 00007f61110004e7
0x00007f610c447a68:   00000000c5d48718 0000000000001fa0 

Instructions: (pc=0x00007f61110699fa)
0x00007f61110699da:   00 00 00 00 00 00 44 8b 15 d5 e2 09 18 4c 8b ce
0x00007f61110699ea:   41 f6 c2 01 0f 85 2e 00 00 00 4d 33 ca 4d 33 ca
0x00007f61110699fa:   4d 8b 09 4c 8b da 49 c1 eb 02 4b 8b 04 19 49 bb
0x00007f6111069a0a:   bc 7c 10 29 61 7f 00 00 4c 33 d8 4c 33 d8 45 3b 

Register to memory mapping:

RAX=