#
# A fatal error has been detected by the Java Runtime Environment:
#
#  SIGSEGV (0xb) at pc=0x00007f83c90699fa, pid=3740, tid=0x00007f8391f61700
#
# JRE version: OpenJDK Runtime Environment (8.0_181-b13) (build 1.8.0_181-8u181-b13-0ubuntu0.16.04.1-b13)
# Java VM: OpenJDK 64-Bit Server VM (25.181-b13 mixed mode linux-amd64 compressed oops)
# Problematic frame:
# v  ~BufferBlob::jni_fast_GetLongField
#
# Failed to write core dump. Core dumps have been disabled. To enable core dumping, try "ulimit -c unlimited" before starting Java again
#
# If you would like to submit a bug report, please visit:
#   http://bugreport.java.com/bugreport/crash.jsp
# The crash happened outside the Java Virtual Machine in native code.
# See problematic frame for where to report the bug.
#

---------------  T H R E A D  ---------------

Current thread (0x00007f83d829a800):  JavaThread "AWT-XAWT" daemon [_thread_in_native, id=3764, stack(0x00007f8391e61000,0x00007f8391f62000)]

siginfo: si_signo: 11 (SIGSEGV), si_code: 1 (SEGV_MAPERR), si_addr: 0x0000000000000000

Registers:
RAX=0x00007f83debc8040, RBX=0x00007f83d829a9e0, RCX=0x0000000000000000, RDX=0x0000000000000042
RSP=0x00007f8391f60878, RBP=0x00007f8391f608a0, RSI=0x0000000000000000, RDI=0x00007f83d829a9e0
R8 =0x00000000c5a275b8, R9 =0x0000000000000000, R10=0x000000000000019a, R11=0x0000000000000005
R12=0x00007f8378171fa0, R13=0x0000000000000000, R14=0x00007f83c02aab00, R15=0x00007f83d829a800
RIP=0x00007f83c90699fa, EFLAGS=0x0000000000010246, CSGSFS=0x0000000000000033, ERR=0x0000000000000004
  TRAPNO=0x000000000000000e

Top of Stack: (sp=0x00007f8391f60878)
0x00007f8391f60878:   00007f83c0088094 0000000000000000
0x00007f8391f60888:   00007f8378171fa0 0000000000000002
0x00007f8391f60898:   00007f8391f60920 0000000000000000
0x00007f8391f608a8:   00007f8393847420 0000000000000000
0x00007f8391f608b8:   00007f8391f608e0 0000000000000000
0x00007f8391f608c8:   00007f839383eff3 0000000000000002
0x00007f8391f608d8:   00007f83c007fe0f 00007f8391f60930
0x00007f8391f608e8:   00007f83c94a3176 0000000100011090
0x00007f8391f608f8:   00007f83de624035 00007f8391f60990
0x00007f8391f60908:   0000000000000007 00007f8380000e30
0x00007f8391f60918:   00007f8391f60920 00000000c4802c78
0x00007f8391f60928:   00007f83c9102305 00000000c5abed48
0x00007f8391f60938:   00007f83c9168bb4 00000000c5a1c118
0x00007f8391f60948:   00007f8300000000 00000000c5abef00
0x00007f8391f60958:   0000000100011090 0000000100097d18
0x00007f8391f60968:   c5a26e50c5a26e50 0000000000400003
0x00007f8391f60978:   00000000c5a26e50 0000000000000000
0x00007f8391f60988:   0000000000000000 0000000000000031
0x00007f8391f60998:   0000000000000000 00007f8391f60a00
0x00007f8391f609a8:   00007f83c9007ffd deaddeaf00000000
0x00007f8391f609b8:   00000000c5a1c118 00007f8391f609c0
0x00007f8391f609c8:   00007f83c1e0cebd 00007f8391f60a10
0x00007f8391f609d8:   00007f83c1e4b988 0000000000000000
0x00007f8391f609e8:   00007f83c1e0cec8 00007f8391f609b0
0x00007f8391f609f8:   00007f8391f60a10 00007f8391f60a58
0x00007f8391f60a08:   00007f83c9008042 00000000c5a1c118
0x00007f8391f60a18:   00007f8391f60a18 00007f83c1a4e6cb
0x00007f8391f60a28:   00007f8391f60a68 00007f83c1ad6118
0x00007f8391f60a38:   0000000000000000 00007f83c1a4e6d8
0x00007f8391f60a48:   00007f8391f60a10 00007f8391f60a68
0x00007f8391f60a58:   00007f8391f60ad0 00007f83c90004e7
0x00007f8391f60a68:   00000000c5a1bf68 0000000000001fa0 

Instructions: (pc=0x00007f83c90699fa)
0x00007f83c90699da:   00 00 00 00 00 00 44 8b 15 d5 b2 b8 15 4c 8b ce
0x00007f83c90699ea:   41 f6 c2 01 0f 85 2e 00 00 00 4d 33 ca 4d 33 ca
0x00007f83c90699fa:   4d 8b 09 4c 8b da 49 c1 eb 02 4b 8b 04 19 49 bb
0x00007f83c9069a0a:   bc 4c bf de 83 7f 00 00 4c 33 d8 4c 33 d8 45 3b 

Register to memory mapping:

RAX=0x00007f83debc8040: <offset 0xf01040> in /usr/lib/jvm/java-8-openjdk-amd64/jre/lib/amd64/server/libjvm.so at 0x00007f83ddcc7000
RBX=